<?xml version="1.0" encoding="UTF-8"?>
<!-- Generated by org.testng.reporters.JUnitReportReporter -->
<testsuite skipped="0" hostname="DESKTOP-73UTBNI" name="Academy.homepage" tests="2" failures="0" timestamp="21 Feb 2019 00:35:18 GMT" time="35.127" errors="0">
  <testcase name="basepagenavigation" time="17.497" classname="Academy.homepage"/>
  <testcase name="basepagenavigation" time="17.630" classname="Academy.homepage"/>
</testsuite> <!-- Academy.homepage -->
