<?xml version="1.0" encoding="UTF-8"?>
<!-- Generated by org.testng.reporters.JUnitReportReporter -->
<testsuite skipped="0" hostname="DESKTOP-73UTBNI" name="Academy.validatingpage" tests="1" failures="0" timestamp="21 Feb 2019 00:35:18 GMT" time="16.647" errors="0">
  <testcase name="basepagenavigation" time="16.647" classname="Academy.validatingpage"/>
</testsuite> <!-- Academy.validatingpage -->
